<?xml version="1.0" encoding="UTF-8"?>
<testng-results ignored="0" total="8" passed="8" failed="0" skipped="0">
  <reporter-output>
  </reporter-output>
  <suite started-at="2026-05-06T15:18:08 IST" name="Default suite" finished-at="2026-05-06T15:19:45 IST" duration-ms="97488">
    <groups>
      <group name="cucumber">
        <method signature="AbstractTestNGCucumberTests.runScenario(io.cucumber.testng.PickleWrapper,io.cucumber.testng.FeatureWrapper)[pri:0, instance:com.jivkisan.runners.RunCucumberTest@13bc8645]" name="runScenario" class="io.cucumber.testng.AbstractTestNGCucumberTests"/>
      </group> <!-- cucumber -->
    </groups>
    <test started-at="2026-05-06T15:18:08 IST" name="Default test" finished-at="2026-05-06T15:19:45 IST" duration-ms="97488">
      <class name="com.jivkisan.runners.RunCucumberTest">
        <test-method is-config="true" signature="setUpClass(org.testng.ITestContext)[pri:0, instance:com.jivkisan.runners.RunCucumberTest@13bc8645]" started-at="2026-05-06T15:18:08 IST" name="setUpClass" finished-at="2026-05-06T15:18:08 IST" duration-ms="653" status="PASS">
          <params>
            <param index="0">
              <value>
                <![CDATA[org.testng.TestRunner@2a7bc16b]]>
              </value>
            </param>
          </params>
          <reporter-output>
          </reporter-output>
        </test-method> <!-- setUpClass -->
        <test-method signature="runScenario(io.cucumber.testng.PickleWrapper,io.cucumber.testng.FeatureWrapper)[pri:0, instance:com.jivkisan.runners.RunCucumberTest@13bc8645]" started-at="2026-05-06T15:18:08 IST" name="runScenario" description="Runs Cucumber Scenarios" data-provider="scenarios" finished-at="2026-05-06T15:18:17 IST" duration-ms="8679" status="PASS">
          <params>
            <param index="0">
              <value>
                <![CDATA["Successful Admin Login"]]>
              </value>
            </param>
            <param index="1">
              <value>
                <![CDATA["JivKisan Authentication"]]>
              </value>
            </param>
          </params>
          <reporter-output>
          </reporter-output>
        </test-method> <!-- runScenario -->
        <test-method signature="runScenario(io.cucumber.testng.PickleWrapper,io.cucumber.testng.FeatureWrapper)[pri:0, instance:com.jivkisan.runners.RunCucumberTest@13bc8645]" started-at="2026-05-06T15:18:17 IST" name="runScenario" description="Runs Cucumber Scenarios" data-provider="scenarios" finished-at="2026-05-06T15:18:25 IST" duration-ms="7994" status="PASS">
          <params>
            <param index="0">
              <value>
                <![CDATA["Admin panel access validation for Chandini"]]>
              </value>
            </param>
            <param index="1">
              <value>
                <![CDATA["JivKisan Authentication"]]>
              </value>
            </param>
          </params>
          <reporter-output>
          </reporter-output>
        </test-method> <!-- runScenario -->
        <test-method signature="runScenario(io.cucumber.testng.PickleWrapper,io.cucumber.testng.FeatureWrapper)[pri:0, instance:com.jivkisan.runners.RunCucumberTest@13bc8645]" started-at="2026-05-06T15:18:25 IST" name="runScenario" description="Runs Cucumber Scenarios" data-provider="scenarios" finished-at="2026-05-06T15:18:32 IST" duration-ms="7196" status="PASS">
          <params>
            <param index="0">
              <value>
                <![CDATA["Successful Normal User Login"]]>
              </value>
            </param>
            <param index="1">
              <value>
                <![CDATA["JivKisan Authentication"]]>
              </value>
            </param>
          </params>
          <reporter-output>
          </reporter-output>
        </test-method> <!-- runScenario -->
        <test-method signature="runScenario(io.cucumber.testng.PickleWrapper,io.cucumber.testng.FeatureWrapper)[pri:0, instance:com.jivkisan.runners.RunCucumberTest@13bc8645]" started-at="2026-05-06T15:18:32 IST" name="runScenario" description="Runs Cucumber Scenarios" data-provider="scenarios" finished-at="2026-05-06T15:18:47 IST" duration-ms="14312" status="PASS">
          <params>
            <param index="0">
              <value>
                <![CDATA["Add any two products to cart and verify details in cart menu"]]>
              </value>
            </param>
            <param index="1">
              <value>
                <![CDATA["JivKisan Authentication"]]>
              </value>
            </param>
          </params>
          <reporter-output>
          </reporter-output>
        </test-method> <!-- runScenario -->
        <test-method signature="runScenario(io.cucumber.testng.PickleWrapper,io.cucumber.testng.FeatureWrapper)[pri:0, instance:com.jivkisan.runners.RunCucumberTest@13bc8645]" started-at="2026-05-06T15:18:47 IST" name="runScenario" description="Runs Cucumber Scenarios" data-provider="scenarios" finished-at="2026-05-06T15:18:55 IST" duration-ms="8445" status="PASS">
          <params>
            <param index="0">
              <value>
                <![CDATA["Count number of Orders and Applications"]]>
              </value>
            </param>
            <param index="1">
              <value>
                <![CDATA["JivKisan Authentication"]]>
              </value>
            </param>
          </params>
          <reporter-output>
          </reporter-output>
        </test-method> <!-- runScenario -->
        <test-method signature="runScenario(io.cucumber.testng.PickleWrapper,io.cucumber.testng.FeatureWrapper)[pri:0, instance:com.jivkisan.runners.RunCucumberTest@13bc8645]" started-at="2026-05-06T15:18:55 IST" name="runScenario" description="Runs Cucumber Scenarios" data-provider="scenarios" finished-at="2026-05-06T15:19:10 IST" duration-ms="14852" status="PASS">
          <params>
            <param index="0">
              <value>
                <![CDATA["Submit Raita Membership application"]]>
              </value>
            </param>
            <param index="1">
              <value>
                <![CDATA["JivKisan Authentication"]]>
              </value>
            </param>
          </params>
          <reporter-output>
          </reporter-output>
        </test-method> <!-- runScenario -->
        <test-method signature="runScenario(io.cucumber.testng.PickleWrapper,io.cucumber.testng.FeatureWrapper)[pri:0, instance:com.jivkisan.runners.RunCucumberTest@13bc8645]" started-at="2026-05-06T15:19:10 IST" name="runScenario" description="Runs Cucumber Scenarios" data-provider="scenarios" finished-at="2026-05-06T15:19:35 IST" duration-ms="24778" status="PASS">
          <params>
            <param index="0">
              <value>
                <![CDATA["Access member-only discussion forum"]]>
              </value>
            </param>
            <param index="1">
              <value>
                <![CDATA["JivKisan Authentication"]]>
              </value>
            </param>
          </params>
          <reporter-output>
          </reporter-output>
        </test-method> <!-- runScenario -->
        <test-method signature="runScenario(io.cucumber.testng.PickleWrapper,io.cucumber.testng.FeatureWrapper)[pri:0, instance:com.jivkisan.runners.RunCucumberTest@13bc8645]" started-at="2026-05-06T15:19:35 IST" name="runScenario" description="Runs Cucumber Scenarios" data-provider="scenarios" finished-at="2026-05-06T15:19:45 IST" duration-ms="10465" status="PASS">
          <params>
            <param index="0">
              <value>
                <![CDATA["Access member-only discussion forum"]]>
              </value>
            </param>
            <param index="1">
              <value>
                <![CDATA["JivKisan Authentication"]]>
              </value>
            </param>
          </params>
          <reporter-output>
          </reporter-output>
        </test-method> <!-- runScenario -->
        <test-method is-config="true" signature="tearDownClass()[pri:0, instance:com.jivkisan.runners.RunCucumberTest@13bc8645]" started-at="2026-05-06T15:19:45 IST" name="tearDownClass" finished-at="2026-05-06T15:19:45 IST" duration-ms="53" status="PASS">
          <reporter-output>
          </reporter-output>
        </test-method> <!-- tearDownClass -->
      </class> <!-- com.jivkisan.runners.RunCucumberTest -->
    </test> <!-- Default test -->
  </suite> <!-- Default suite -->
</testng-results>
