<?xml version="1.0" encoding="UTF-8"?>
<testng-results ignored="0" total="2" passed="2" failed="0" skipped="0">
  <reporter-output>
  </reporter-output>
  <suite started-at="2026-04-29T17:02:25 IST" name="Default suite" finished-at="2026-04-29T17:02:42 IST" duration-ms="16297">
    <groups>
      <group name="cucumber">
        <method signature="AbstractTestNGCucumberTests.runScenario(io.cucumber.testng.PickleWrapper,io.cucumber.testng.FeatureWrapper)[pri:0, instance:com.jivkisan.runners.RunCucumberTest@6b6776cb]" name="runScenario" class="io.cucumber.testng.AbstractTestNGCucumberTests"/>
      </group> <!-- cucumber -->
    </groups>
    <test started-at="2026-04-29T17:02:25 IST" name="Default test" finished-at="2026-04-29T17:02:42 IST" duration-ms="16297">
      <class name="com.jivkisan.runners.RunCucumberTest">
        <test-method is-config="true" signature="setUpClass(org.testng.ITestContext)[pri:0, instance:com.jivkisan.runners.RunCucumberTest@6b6776cb]" started-at="2026-04-29T17:02:25 IST" name="setUpClass" finished-at="2026-04-29T17:02:26 IST" duration-ms="668" status="PASS">
          <params>
            <param index="0">
              <value>
                <![CDATA[org.testng.TestRunner@490c7a83]]>
              </value>
            </param>
          </params>
          <reporter-output>
          </reporter-output>
        </test-method> <!-- setUpClass -->
        <test-method signature="runScenario(io.cucumber.testng.PickleWrapper,io.cucumber.testng.FeatureWrapper)[pri:0, instance:com.jivkisan.runners.RunCucumberTest@6b6776cb]" started-at="2026-04-29T17:02:26 IST" name="runScenario" description="Runs Cucumber Scenarios" data-provider="scenarios" finished-at="2026-04-29T17:02:35 IST" duration-ms="8557" status="PASS">
          <params>
            <param index="0">
              <value>
                <![CDATA["Successful Admin Login"]]>
              </value>
            </param>
            <param index="1">
              <value>
                <![CDATA["JivKisan Authentication"]]>
              </value>
            </param>
          </params>
          <reporter-output>
          </reporter-output>
        </test-method> <!-- runScenario -->
        <test-method signature="runScenario(io.cucumber.testng.PickleWrapper,io.cucumber.testng.FeatureWrapper)[pri:0, instance:com.jivkisan.runners.RunCucumberTest@6b6776cb]" started-at="2026-04-29T17:02:35 IST" name="runScenario" description="Runs Cucumber Scenarios" data-provider="scenarios" finished-at="2026-04-29T17:02:41 IST" duration-ms="6979" status="PASS">
          <params>
            <param index="0">
              <value>
                <![CDATA["Successful Normal User Login"]]>
              </value>
            </param>
            <param index="1">
              <value>
                <![CDATA["JivKisan Authentication"]]>
              </value>
            </param>
          </params>
          <reporter-output>
          </reporter-output>
        </test-method> <!-- runScenario -->
        <test-method is-config="true" signature="tearDownClass()[pri:0, instance:com.jivkisan.runners.RunCucumberTest@6b6776cb]" started-at="2026-04-29T17:02:41 IST" name="tearDownClass" finished-at="2026-04-29T17:02:42 IST" duration-ms="54" status="PASS">
          <reporter-output>
          </reporter-output>
        </test-method> <!-- tearDownClass -->
      </class> <!-- com.jivkisan.runners.RunCucumberTest -->
    </test> <!-- Default test -->
  </suite> <!-- Default suite -->
</testng-results>
