<?xml version="1.0" encoding="UTF-8"?>
<!-- Generated by org.testng.reporters.JUnitReportReporter -->
<testsuite hostname="LTPBAN322675624" failures="0" tests="8" name="com.jivkisan.runners.RunCucumberTest" time="96.721" errors="0" timestamp="2026-05-06T15:19:45 IST" skipped="0">
  <testcase classname="com.jivkisan.runners.RunCucumberTest" name="runScenario" time="8.679"/>
  <testcase classname="com.jivkisan.runners.RunCucumberTest" name="runScenario" time="7.196"/>
  <testcase classname="com.jivkisan.runners.RunCucumberTest" name="runScenario" time="7.994"/>
  <testcase classname="com.jivkisan.runners.RunCucumberTest" name="runScenario" time="8.445"/>
  <testcase classname="com.jivkisan.runners.RunCucumberTest" name="runScenario" time="14.312"/>
  <testcase classname="com.jivkisan.runners.RunCucumberTest" name="runScenario" time="24.778"/>
  <testcase classname="com.jivkisan.runners.RunCucumberTest" name="runScenario" time="14.852"/>
  <testcase classname="com.jivkisan.runners.RunCucumberTest" name="runScenario" time="10.465"/>
</testsuite> <!-- com.jivkisan.runners.RunCucumberTest -->
