<?xml version="1.0" encoding="UTF-8"?>
<!-- Generated by org.testng.reporters.JUnitReportReporter -->
<testsuite hostname="LTPBAN322675624" failures="0" tests="18" name="com.jivkisan.runners.RunCucumberTest" time="734.515" errors="0" timestamp="2026-05-14T11:14:11 IST" skipped="0">
  <testcase classname="com.jivkisan.runners.RunCucumberTest" name="runScenario" time="67.749"/>
  <testcase classname="com.jivkisan.runners.RunCucumberTest" name="runScenario" time="28.297"/>
  <testcase classname="com.jivkisan.runners.RunCucumberTest" name="runScenario" time="34.607"/>
  <testcase classname="com.jivkisan.runners.RunCucumberTest" name="runScenario" time="30.878"/>
  <testcase classname="com.jivkisan.runners.RunCucumberTest" name="runScenario" time="40.454"/>
  <testcase classname="com.jivkisan.runners.RunCucumberTest" name="runScenario" time="37.704"/>
  <testcase classname="com.jivkisan.runners.RunCucumberTest" name="runScenario" time="71.878"/>
  <testcase classname="com.jivkisan.runners.RunCucumberTest" name="runScenario" time="71.790"/>
  <testcase classname="com.jivkisan.runners.RunCucumberTest" name="runScenario" time="34.517"/>
  <testcase classname="com.jivkisan.runners.RunCucumberTest" name="runScenario" time="44.076"/>
  <testcase classname="com.jivkisan.runners.RunCucumberTest" name="runScenario" time="37.361"/>
  <testcase classname="com.jivkisan.runners.RunCucumberTest" name="runScenario" time="43.083"/>
  <testcase classname="com.jivkisan.runners.RunCucumberTest" name="runScenario" time="41.707"/>
  <testcase classname="com.jivkisan.runners.RunCucumberTest" name="runScenario" time="27.189"/>
  <testcase classname="com.jivkisan.runners.RunCucumberTest" name="runScenario" time="29.455"/>
  <testcase classname="com.jivkisan.runners.RunCucumberTest" name="runScenario" time="41.660"/>
  <testcase classname="com.jivkisan.runners.RunCucumberTest" name="runScenario" time="8.796"/>
  <testcase classname="com.jivkisan.runners.RunCucumberTest" name="runScenario" time="43.314"/>
</testsuite> <!-- com.jivkisan.runners.RunCucumberTest -->
